# JRE version: Java(TM) SE Runtime Environment 18.9 (11.0.22+9) (build 11.0.22+9-LTS-219)
# Java VM: Java HotSpot(TM) 64-Bit Server VM 18.9 (11.0.22+9-LTS-219, mixed mode, tiered, compressed oops, g1 gc, windows-amd64)
Heap:
 garbage-first heap   total 63488K, used 25397K [0x00000000c2800000, 0x0000000100000000)
  region size 1024K, 11 young (11264K), 2 survivors (2048K)
 Metaspace       used 22751K, capacity 23605K, committed 23884K, reserved 1071104K
  class space    used 2508K, capacity 2839K, committed 2892K, reserved 1048576K
GC Heap History (8 events):
Event: 1.109 GC heap before
{Heap before GC invocations=0 (full 0):
 garbage-first heap   total 63488K, used 16384K [0x00000000c2800000, 0x0000000100000000)
  region size 1024K, 14 young (14336K), 0 survivors (0K)
 Metaspace       used 9607K, capacity 9785K, committed 9984K, reserved 1058816K
  class space    used 864K, capacity 936K, committed 1024K, reserved 1048576K
}
Event: 1.117 GC heap after
{Heap after GC invocations=1 (full 0):
 garbage-first heap   total 63488K, used 8205K [0x00000000c2800000, 0x0000000100000000)
  region size 1024K, 2 young (2048K), 2 survivors (2048K)
 Metaspace       used 9607K, capacity 9785K, committed 9984K, reserved 1058816K
  class space    used 864K, capacity 936K, committed 1024K, reserved 1048576K
}
Event: 1.713 GC heap before
{Heap before GC invocations=1 (full 0):
 garbage-first heap   total 63488K, used 13325K [0x00000000c2800000, 0x0000000100000000)
  region size 1024K, 8 young (8192K), 2 survivors (2048K)
 Metaspace       used 11849K, capacity 12076K, committed 12288K, reserved 1060864K
  class space    used 1097K, capacity 1190K, committed 1280K, reserved 1048576K
}
Event: 1.720 GC heap after
{Heap after GC invocations=2 (full 0):
 garbage-first heap   total 63488K, used 9451K [0x00000000c2800000, 0x0000000100000000)
  region size 1024K, 1 young (1024K), 1 survivors (1024K)
 Metaspace       used 11849K, capacity 12076K, committed 12288K, reserved 1060864K
  class space    used 1097K, capacity 1190K, committed 1280K, reserved 1048576K
}
Event: 3.028 GC heap before
{Heap before GC invocations=2 (full 0):
 garbage-first heap   total 63488K, used 37099K [0x00000000c2800000, 0x0000000100000000)
  region size 1024K, 28 young (28672K), 1 survivors (1024K)
 Metaspace       used 15647K, capacity 15883K, committed 16000K, reserved 1062912K
  class space    used 1505K, capacity 1635K, committed 1664K, reserved 1048576K
}
Event: 3.045 GC heap after
{Heap after GC invocations=3 (full 0):
 garbage-first heap   total 63488K, used 15360K [0x00000000c2800000, 0x0000000100000000)
  region size 1024K, 4 young (4096K), 4 survivors (4096K)
 Metaspace       used 15647K, capacity 15883K, committed 16000K, reserved 1062912K
  class space    used 1505K, capacity 1635K, committed 1664K, reserved 1048576K
}
Event: 3.610 GC heap before
{Heap before GC invocations=3 (full 0):
 garbage-first heap   total 63488K, used 28672K [0x00000000c2800000, 0x0000000100000000)
  region size 1024K, 18 young (18432K), 4 survivors (4096K)
 Metaspace       used 20712K, capacity 21249K, committed 21296K, reserved 1069056K
  class space    used 2207K, capacity 2432K, committed 2432K, reserved 1048576K
}
Event: 3.621 GC heap after
{Heap after GC invocations=4 (full 0):
 garbage-first heap   total 63488K, used 17205K [0x00000000c2800000, 0x0000000100000000)
  region size 1024K, 2 young (2048K), 2 survivors (2048K)
 Metaspace       used 20712K, capacity 21249K, committed 21296K, reserved 1069056K
  class space    used 2207K, capacity 2432K, committed 2432K, reserved 1048576K
}

