<?xml version="1.0" encoding="UTF-8"?>
<!-- Generated by org.testng.reporters.JUnitXMLReporter -->
<testsuite ignored="1" hostname="DESKTOP-LT7SG4G" failures="0" tests="3" name="Test1" time="0.053" errors="0" timestamp="2024-01-04T00:58:19 IST">
  <testcase classname="testNG.Login_Page" name="openUrl" time="0.004"/>
  <testcase classname="testNG.Login_Page" name="login" time="0.002"/>
  <testcase classname="testNG.Login_Page" name="testFunctionality2" time="0.008"/>
  <testcase classname="testNG.Login_Page" name="testFunctionality" time="0.0">
    <ignored/>
  </testcase> <!-- testFunctionality -->
</testsuite> <!-- Test1 -->
