<?xml version="1.0" encoding="UTF-8"?>
<testng-results ignored="0" total="2" passed="2" failed="0" skipped="0">
  <reporter-output>
  </reporter-output>
  <suite started-at="2024-01-12T00:58:20 IST" name="Suite" finished-at="2024-01-12T00:58:36 IST" duration-ms="16204">
    <groups>
    </groups>
    <test started-at="2024-01-12T00:58:20 IST" name="Test" finished-at="2024-01-12T00:58:36 IST" duration-ms="16204">
      <class name="testNG.parallelTest$ParallelTest">
        <test-method signature="testFirefox()[pri:1, instance:testNG.parallelTest$ParallelTest@78e4deb0]" started-at="2024-01-12T00:58:20 IST" name="testFirefox" finished-at="2024-01-12T00:58:35 IST" duration-ms="14792" status="PASS">
          <reporter-output>
          </reporter-output>
        </test-method> <!-- testFirefox -->
        <test-method signature="testFirefox1()[pri:2, instance:testNG.parallelTest$ParallelTest@78e4deb0]" started-at="2024-01-12T00:58:20 IST" name="testFirefox1" finished-at="2024-01-12T00:58:35 IST" duration-ms="14790" status="PASS">
          <reporter-output>
          </reporter-output>
        </test-method> <!-- testFirefox1 -->
        <test-method is-config="true" signature="close()[pri:0, instance:testNG.parallelTest$ParallelTest@78e4deb0]" started-at="2024-01-12T00:58:35 IST" name="close" finished-at="2024-01-12T00:58:36 IST" duration-ms="1310" status="PASS">
          <reporter-output>
          </reporter-output>
        </test-method> <!-- close -->
      </class> <!-- testNG.parallelTest$ParallelTest -->
    </test> <!-- Test -->
  </suite> <!-- Suite -->
</testng-results>
